0 info it worked if it ends with ok
1 verbose cli [ '/home/andrei/.nvm/v0.8.0/bin/node',
1 verbose cli   '/home/andrei/.nvm/v0.8.0/bin/npm',
1 verbose cli   'restart',
1 verbose cli   'jitsu' ]
2 info using npm@1.1.32
3 info using node@v0.8.0
4 verbose config file /home/andrei/.npmrc
5 verbose config file /home/andrei/.nvm/v0.8.0/etc/npmrc
6 verbose config file /home/andrei/.nvm/v0.8.0/lib/node_modules/npm/npmrc
7 verbose read json /opt/apps/server/node_modules/jitsu/package.json
8 error Error: ENOENT, open '/opt/apps/server/node_modules/jitsu/package.json'
8 error  { [Error: ENOENT, open '/opt/apps/server/node_modules/jitsu/package.json']
8 error   errno: 34,
8 error   code: 'ENOENT',
8 error   path: '/opt/apps/server/node_modules/jitsu/package.json' }
9 error You may report this log at:
9 error     <http://github.com/isaacs/npm/issues>
9 error or email it to:
9 error     <npm-@googlegroups.com>
10 error System Linux 3.2.0-26-generic
11 error command "/home/andrei/.nvm/v0.8.0/bin/node" "/home/andrei/.nvm/v0.8.0/bin/npm" "restart" "jitsu"
12 error cwd /opt/apps/server
13 error node -v v0.8.0
14 error npm -v 1.1.32
15 error path /opt/apps/server/node_modules/jitsu/package.json
16 error code ENOENT
17 error message ENOENT, open '/opt/apps/server/node_modules/jitsu/package.json'
18 error errno 34
19 error 34 errno
20 verbose exit [ 34, true ]
